<?xml version="1.0" encoding="UTF-8"?>
<!-- Generated by org.testng.reporters.JUnitReportReporter -->
<testsuite skipped="4" hostname="DESKTOP-NGGSEJ1" name="tests.MyAccountTest" tests="5" failures="0" timestamp="20 Mar 2020 19:00:45 GMT" time="16.098" errors="1">
  <testcase name="startDriver" time="16.098" classname="tests.MyAccountTest">
    <error type="org.openqa.selenium.SessionNotCreatedException" message="session not created
from chrome not reachable
  (Session info: chrome=80.0.3987.149)
Build info: version: &#039;3.12.0&#039;, revision: &#039;7c6e0b3&#039;, time: &#039;2018-05-08T14:04:26.12Z&#039;
System info: host: &#039;DESKTOP-NGGSEJ1&#039;, ip: &#039;192.168.56.1&#039;, os.name: &#039;Windows 10&#039;, os.arch: &#039;amd64&#039;, os.version: &#039;10.0&#039;, java.version: &#039;1.8.0_241&#039;
Driver info: driver.version: ChromeDriver
remote stacktrace: Backtrace:
	Ordinal0 [0x00F00AE3+1706723]
	Ordinal0 [0x00E668C1+1075393]
	Ordinal0 [0x00DDDE52+515666]
	Ordinal0 [0x00DD7C88+490632]
	Ordinal0 [0x00DD837B+492411]
	Ordinal0 [0x00DD92D5+496341]
	Ordinal0 [0x00DD4EE5+478949]
	Ordinal0 [0x00DDEC80+519296]
	Ordinal0 [0x00D8CA67+182887]
	Ordinal0 [0x00D8BDDD+179677]
	Ordinal0 [0x00D89D4B+171339]
	Ordinal0 [0x00D71D4A+73034]
	Ordinal0 [0x00D72DC0+77248]
	Ordinal0 [0x00D72D59+77145]
	Ordinal0 [0x00E7BB37+1162039]
	GetHandleVerifier [0x00F9A7C6+508998]
	GetHandleVerifier [0x00F9A504+508292]
	GetHandleVerifier [0x00FAF617+594583]
	GetHandleVerifier [0x00F9B036+511158]
	Ordinal0 [0x00E73FFC+1130492]
	Ordinal0 [0x00E7D49B+1168539]
	Ordinal0 [0x00E7D603+1168899]
	Ordinal0 [0x00E95B05+1268485]
	BaseThreadInitThunk [0x779B6359+25]
	RtlGetAppContainerNamedObjectPath [0x77DB7B74+228]
	RtlGetAppContainerNamedObjectPath [0x77DB7B44+180]
">
      <![CDATA[org.openqa.selenium.SessionNotCreatedException: session not created
from chrome not reachable
  (Session info: chrome=80.0.3987.149)
Build info: version: '3.12.0', revision: '7c6e0b3', time: '2018-05-08T14:04:26.12Z'
System info: host: 'DESKTOP-NGGSEJ1', ip: '192.168.56.1', os.name: 'Windows 10', os.arch: 'amd64', os.version: '10.0', java.version: '1.8.0_241'
Driver info: driver.version: ChromeDriver
remote stacktrace: Backtrace:
Ordinal0 [0x00F00AE3+1706723]
Ordinal0 [0x00E668C1+1075393]
Ordinal0 [0x00DDDE52+515666]
Ordinal0 [0x00DD7C88+490632]
Ordinal0 [0x00DD837B+492411]
Ordinal0 [0x00DD92D5+496341]
Ordinal0 [0x00DD4EE5+478949]
Ordinal0 [0x00DDEC80+519296]
Ordinal0 [0x00D8CA67+182887]
Ordinal0 [0x00D8BDDD+179677]
Ordinal0 [0x00D89D4B+171339]
Ordinal0 [0x00D71D4A+73034]
Ordinal0 [0x00D72DC0+77248]
Ordinal0 [0x00D72D59+77145]
Ordinal0 [0x00E7BB37+1162039]
GetHandleVerifier [0x00F9A7C6+508998]
GetHandleVerifier [0x00F9A504+508292]
GetHandleVerifier [0x00FAF617+594583]
GetHandleVerifier [0x00F9B036+511158]
Ordinal0 [0x00E73FFC+1130492]
Ordinal0 [0x00E7D49B+1168539]
Ordinal0 [0x00E7D603+1168899]
Ordinal0 [0x00E95B05+1268485]
BaseThreadInitThunk [0x779B6359+25]
RtlGetAppContainerNamedObjectPath [0x77DB7B74+228]
RtlGetAppContainerNamedObjectPath [0x77DB7B44+180]

at sun.reflect.NativeConstructorAccessorImpl.newInstance0(Native Method)
at sun.reflect.NativeConstructorAccessorImpl.newInstance(Unknown Source)
at sun.reflect.DelegatingConstructorAccessorImpl.newInstance(Unknown Source)
at java.lang.reflect.Constructor.newInstance(Unknown Source)
at org.openqa.selenium.remote.W3CHandshakeResponse.lambda$new$0(W3CHandshakeResponse.java:57)
at org.openqa.selenium.remote.W3CHandshakeResponse.lambda$getResponseFunction$2(W3CHandshakeResponse.java:104)
at org.openqa.selenium.remote.ProtocolHandshake.lambda$createSession$0(ProtocolHandshake.java:123)
at java.util.stream.ReferencePipeline$3$1.accept(Unknown Source)
at java.util.Spliterators$ArraySpliterator.tryAdvance(Unknown Source)
at java.util.stream.ReferencePipeline.forEachWithCancel(Unknown Source)
at java.util.stream.AbstractPipeline.copyIntoWithCancel(Unknown Source)
at java.util.stream.AbstractPipeline.copyInto(Unknown Source)
at java.util.stream.AbstractPipeline.wrapAndCopyInto(Unknown Source)
at java.util.stream.FindOps$FindOp.evaluateSequential(Unknown Source)
at java.util.stream.AbstractPipeline.evaluate(Unknown Source)
at java.util.stream.ReferencePipeline.findFirst(Unknown Source)
at org.openqa.selenium.remote.ProtocolHandshake.createSession(ProtocolHandshake.java:126)
at org.openqa.selenium.remote.ProtocolHandshake.createSession(ProtocolHandshake.java:73)
at org.openqa.selenium.remote.HttpCommandExecutor.execute(HttpCommandExecutor.java:136)
at org.openqa.selenium.remote.service.DriverCommandExecutor.execute(DriverCommandExecutor.java:83)
at org.openqa.selenium.remote.RemoteWebDriver.execute(RemoteWebDriver.java:543)
at org.openqa.selenium.remote.RemoteWebDriver.startSession(RemoteWebDriver.java:207)
at org.openqa.selenium.remote.RemoteWebDriver.<init>(RemoteWebDriver.java:130)
at org.openqa.selenium.chrome.ChromeDriver.<init>(ChromeDriver.java:181)
at org.openqa.selenium.chrome.ChromeDriver.<init>(ChromeDriver.java:168)
at org.openqa.selenium.chrome.ChromeDriver.<init>(ChromeDriver.java:123)
at tests.TestBase.startDriver(TestBase.java:25)
at sun.reflect.NativeMethodAccessorImpl.invoke0(Native Method)
at sun.reflect.NativeMethodAccessorImpl.invoke(Unknown Source)
at sun.reflect.DelegatingMethodAccessorImpl.invoke(Unknown Source)
at java.lang.reflect.Method.invoke(Unknown Source)
at org.testng.internal.MethodInvocationHelper.invokeMethod(MethodInvocationHelper.java:124)
at org.testng.internal.MethodInvocationHelper.invokeMethodConsideringTimeout(MethodInvocationHelper.java:59)
at org.testng.internal.Invoker.invokeConfigurationMethod(Invoker.java:458)
at org.testng.internal.Invoker.invokeConfigurations(Invoker.java:222)
at org.testng.internal.Invoker.invokeConfigurations(Invoker.java:142)
at org.testng.SuiteRunner.privateRun(SuiteRunner.java:401)
at org.testng.SuiteRunner.run(SuiteRunner.java:364)
at org.testng.SuiteRunnerWorker.runSuite(SuiteRunnerWorker.java:52)
at org.testng.SuiteRunnerWorker.run(SuiteRunnerWorker.java:84)
at org.testng.TestNG.runSuitesSequentially(TestNG.java:1208)
at org.testng.TestNG.runSuitesLocally(TestNG.java:1137)
at org.testng.TestNG.runSuites(TestNG.java:1049)
at org.testng.TestNG.run(TestNG.java:1017)
at org.testng.remote.AbstractRemoteTestNG.run(AbstractRemoteTestNG.java:132)
at org.testng.remote.RemoteTestNG.initAndRun(RemoteTestNG.java:230)
at org.testng.remote.RemoteTestNG.main(RemoteTestNG.java:76)
]]>
    </error>
  </testcase> <!-- startDriver -->
  <testcase name="UserCanRegisterSuccessfully" time="0.000" classname="tests.MyAccountTest">
    <skipped/>
  </testcase> <!-- UserCanRegisterSuccessfully -->
  <testcase name="RegisteredUserCanChangePassword" time="0.000" classname="tests.MyAccountTest">
    <skipped/>
  </testcase> <!-- RegisteredUserCanChangePassword -->
  <testcase name="registeredUserCanLogout" time="0.000" classname="tests.MyAccountTest">
    <skipped/>
  </testcase> <!-- registeredUserCanLogout -->
  <testcase name="registeredUserCanLogin" time="0.000" classname="tests.MyAccountTest">
    <skipped/>
  </testcase> <!-- registeredUserCanLogin -->
</testsuite> <!-- tests.MyAccountTest -->
