<!DOCTYPE html>

<html>
  <head>
  <meta charset='utf-8'>
  <title>TestNG reports</title>

    <link type="text/css" href="testng-reports.css" rel="stylesheet" />
    <script type="text/javascript" src="jquery-1.7.1.min.js"></script>
    <script type="text/javascript" src="testng-reports.js"></script>
    <script type="text/javascript" src="https://www.google.com/jsapi"></script>
    <script type='text/javascript'>
      google.load('visualization', '1', {packages:['table']});
      google.setOnLoadCallback(drawTable);
      var suiteTableInitFunctions = new Array();
      var suiteTableData = new Array();
    </script>
    <!--
      <script type="text/javascript" src="jquery-ui/js/jquery-ui-1.8.16.custom.min.js"></script>
     -->
  </head>

  <body>
    <div class="top-banner-root">
      <span class="top-banner-title-font">Test results</span>
      <br/>
      <span class="top-banner-font-1">1 suite, 3 failed tests</span>
    </div> <!-- top-banner-root -->
    <div class="navigator-root">
      <div class="navigator-suite-header">
        <span>All suites</span>
        <a href="#" class="collapse-all-link" title="Collapse/expand all the suites">
          <img class="collapse-all-icon" src="collapseall.gif">
          </img> <!-- collapse-all-icon -->
        </a> <!-- collapse-all-link -->
      </div> <!-- navigator-suite-header -->
      <div class="suite">
        <div class="rounded-window">
          <div class="suite-header light-rounded-window-top">
            <a href="#" class="navigator-link" panel-name="suite-nopCommerce_Regression_Suit">
              <span class="suite-name border-failed">nopCommerce Regression Suit</span>
            </a> <!-- navigator-link -->
          </div> <!-- suite-header light-rounded-window-top -->
          <div class="navigator-suite-content">
            <div class="suite-section-title">
              <span>Info</span>
            </div> <!-- suite-section-title -->
            <div class="suite-section-content">
              <ul>
                <li>
                  <a href="#" class="navigator-link " panel-name="test-xml-nopCommerce_Regression_Suit">
                    <span>C:\Users\Ahmed Nabil\eclipse-workspace\taf\testng.xml</span>
                  </a> <!-- navigator-link  -->
                </li>
                <li>
                  <a href="#" class="navigator-link " panel-name="testlist-nopCommerce_Regression_Suit">
                    <span class="test-stats">1 test</span>
                  </a> <!-- navigator-link  -->
                </li>
                <li>
                  <a href="#" class="navigator-link " panel-name="group-nopCommerce_Regression_Suit">
                    <span>0 groups</span>
                  </a> <!-- navigator-link  -->
                </li>
                <li>
                  <a href="#" class="navigator-link " panel-name="times-nopCommerce_Regression_Suit">
                    <span>Times</span>
                  </a> <!-- navigator-link  -->
                </li>
                <li>
                  <a href="#" class="navigator-link " panel-name="reporter-nopCommerce_Regression_Suit">
                    <span>Reporter output</span>
                  </a> <!-- navigator-link  -->
                </li>
                <li>
                  <a href="#" class="navigator-link " panel-name="ignored-methods-nopCommerce_Regression_Suit">
                    <span>Ignored methods</span>
                  </a> <!-- navigator-link  -->
                </li>
                <li>
                  <a href="#" class="navigator-link " panel-name="chronological-nopCommerce_Regression_Suit">
                    <span>Chronological view</span>
                  </a> <!-- navigator-link  -->
                </li>
              </ul>
            </div> <!-- suite-section-content -->
            <div class="result-section">
              <div class="suite-section-title">
                <span>Results</span>
              </div> <!-- suite-section-title -->
              <div class="suite-section-content">
                <ul>
                  <li>
                    <span class="method-stats">3 methods, 3 failed,   </span>
                  </li>
                  <li>
                    <span class="method-list-title failed">Failed methods</span>
                    <span class="show-or-hide-methods failed">
                      <a href="#" panel-name="suite-nopCommerce_Regression_Suit" class="hide-methods failed suite-nopCommerce_Regression_Suit"> (hide)</a> <!-- hide-methods failed suite-nopCommerce_Regression_Suit -->
                      <a href="#" panel-name="suite-nopCommerce_Regression_Suit" class="show-methods failed suite-nopCommerce_Regression_Suit"> (show)</a> <!-- show-methods failed suite-nopCommerce_Regression_Suit -->
                    </span>
                    <div class="method-list-content failed suite-nopCommerce_Regression_Suit">
                      <span>
                        <img width="3%" src="failed.png"/>
                        <a href="#" class="method navigator-link" panel-name="suite-nopCommerce_Regression_Suit" title="tests.SearchProductTest" hash-for-method="UserCanSearchForProducts">UserCanSearchForProducts</a> <!-- method navigator-link -->
                      </span>
                      <br/>
                      <span>
                        <img width="3%" src="failed.png"/>
                        <a href="#" class="method navigator-link" panel-name="suite-nopCommerce_Regression_Suit" title="tests.ProductHoverMenuTest" hash-for-method="UserCanSelectSubCategoryFromMainMenu">UserCanSelectSubCategoryFromMainMenu</a> <!-- method navigator-link -->
                      </span>
                      <br/>
                      <span>
                        <img width="3%" src="failed.png"/>
                        <a href="#" class="method navigator-link" panel-name="suite-nopCommerce_Regression_Suit" title="tests.ContactUsTest" hash-for-method="userCanUseContactUs">userCanUseContactUs</a> <!-- method navigator-link -->
                      </span>
                      <br/>
                    </div> <!-- method-list-content failed suite-nopCommerce_Regression_Suit -->
                  </li>
                </ul>
              </div> <!-- suite-section-content -->
            </div> <!-- result-section -->
          </div> <!-- navigator-suite-content -->
        </div> <!-- rounded-window -->
      </div> <!-- suite -->
    </div> <!-- navigator-root -->
    <div class="wrapper">
      <div class="main-panel-root">
        <div panel-name="suite-nopCommerce_Regression_Suit" class="panel nopCommerce_Regression_Suit">
          <div class="suite-nopCommerce_Regression_Suit-class-failed">
            <div class="main-panel-header rounded-window-top">
              <img src="failed.png"/>
              <span class="class-name">tests.SearchProductTest</span>
            </div> <!-- main-panel-header rounded-window-top -->
            <div class="main-panel-content rounded-window-bottom">
              <div class="method">
                <div class="method-content">
                  <a name="UserCanSearchForProducts">
                  </a> <!-- UserCanSearchForProducts -->
                  <span class="method-name">UserCanSearchForProducts</span>
                  <div class="stack-trace">org.openqa.selenium.NoSuchWindowException: no such window: target window already closed
from unknown error: web view not found
  (Session info: chrome=80.0.3987.163)
Build info: version: &apos;3.12.0&apos;, revision: &apos;7c6e0b3&apos;, time: &apos;2018-05-08T14:04:26.12Z&apos;
System info: host: &apos;DESKTOP-NGGSEJ1&apos;, ip: &apos;192.168.56.1&apos;, os.name: &apos;Windows 10&apos;, os.arch: &apos;amd64&apos;, os.version: &apos;10.0&apos;, java.version: &apos;1.8.0_241&apos;
Driver info: org.openqa.selenium.chrome.ChromeDriver
Capabilities {acceptInsecureCerts: false, browserName: chrome, browserVersion: 80.0.3987.163, chrome: {chromedriverVersion: 80.0.3987.16 (320f6526c1632..., userDataDir: C:\Users\AHMEDN~1\AppData\L...}, goog:chromeOptions: {debuggerAddress: localhost:50598}, javascriptEnabled: true, networkConnectionEnabled: false, pageLoadStrategy: normal, platform: WINDOWS, platformName: WINDOWS, proxy: Proxy(), setWindowRect: true, strictFileInteractability: false, timeouts: {implicit: 0, pageLoad: 300000, script: 30000}, unhandledPromptBehavior: dismiss and notify}
Session ID: 7813958b90a64b098004ff4a350445ef
*** Element info: {Using=id, value=small-searchterms}
	at org.openqa.selenium.remote.http.W3CHttpResponseCodec.createException(W3CHttpResponseCodec.java:187)
	at org.openqa.selenium.remote.http.W3CHttpResponseCodec.decode(W3CHttpResponseCodec.java:122)
	at org.openqa.selenium.remote.http.W3CHttpResponseCodec.decode(W3CHttpResponseCodec.java:49)
	at org.openqa.selenium.remote.HttpCommandExecutor.execute(HttpCommandExecutor.java:158)
	at org.openqa.selenium.remote.service.DriverCommandExecutor.execute(DriverCommandExecutor.java:83)
	at org.openqa.selenium.remote.RemoteWebDriver.execute(RemoteWebDriver.java:543)
	at org.openqa.selenium.remote.RemoteWebDriver.findElement(RemoteWebDriver.java:317)
	at org.openqa.selenium.remote.RemoteWebDriver.findElementById(RemoteWebDriver.java:363)
	at org.openqa.selenium.By$ById.findElement(By.java:188)
	at org.openqa.selenium.remote.RemoteWebDriver.findElement(RemoteWebDriver.java:309)
	at org.openqa.selenium.support.pagefactory.DefaultElementLocator.findElement(DefaultElementLocator.java:69)
	at org.openqa.selenium.support.pagefactory.internal.LocatingElementHandler.invoke(LocatingElementHandler.java:38)
	at com.sun.proxy.$Proxy12.sendKeys(Unknown Source)
	at pages.PageBase.setTextElementText(PageBase.java:29)
	at pages.SearchPage.ProductSearch(SearchPage.java:33)
	at tests.SearchProductTest.UserCanSearchForProducts(SearchProductTest.java:22)
... Removed 29 stack frames
</div> <!-- stack-trace -->
                </div> <!-- method-content -->
              </div> <!-- method -->
            </div> <!-- main-panel-content rounded-window-bottom -->
          </div> <!-- suite-nopCommerce_Regression_Suit-class-failed -->
          <div class="suite-nopCommerce_Regression_Suit-class-failed">
            <div class="main-panel-header rounded-window-top">
              <img src="failed.png"/>
              <span class="class-name">tests.ProductHoverMenuTest</span>
            </div> <!-- main-panel-header rounded-window-top -->
            <div class="main-panel-content rounded-window-bottom">
              <div class="method">
                <div class="method-content">
                  <a name="UserCanSelectSubCategoryFromMainMenu">
                  </a> <!-- UserCanSelectSubCategoryFromMainMenu -->
                  <span class="method-name">UserCanSelectSubCategoryFromMainMenu</span>
                  <div class="stack-trace">org.openqa.selenium.WebDriverException: java.lang.reflect.InvocationTargetException
Build info: version: &apos;3.12.0&apos;, revision: &apos;7c6e0b3&apos;, time: &apos;2018-05-08T14:04:26.12Z&apos;
System info: host: &apos;DESKTOP-NGGSEJ1&apos;, ip: &apos;192.168.56.1&apos;, os.name: &apos;Windows 10&apos;, os.arch: &apos;amd64&apos;, os.version: &apos;10.0&apos;, java.version: &apos;1.8.0_241&apos;
Driver info: driver.version: RemoteWebDriver
	at org.openqa.selenium.json.BeanToJsonConverter.convertUsingMethod(BeanToJsonConverter.java:195)
	at org.openqa.selenium.json.BeanToJsonConverter.lambda$new$11(BeanToJsonConverter.java:90)
	at org.openqa.selenium.json.BeanToJsonConverter.lambda$convertObject$26(BeanToJsonConverter.java:171)
	at java.util.Optional.map(Unknown Source)
	at org.openqa.selenium.json.BeanToJsonConverter.convertObject(BeanToJsonConverter.java:171)
	at org.openqa.selenium.json.BeanToJsonConverter.lambda$null$16(BeanToJsonConverter.java:102)
	at java.util.stream.ReferencePipeline$3$1.accept(Unknown Source)
	at java.util.Iterator.forEachRemaining(Unknown Source)
	at java.util.Spliterators$IteratorSpliterator.forEachRemaining(Unknown Source)
	at java.util.stream.AbstractPipeline.copyInto(Unknown Source)
	at java.util.stream.AbstractPipeline.wrapAndCopyInto(Unknown Source)
	at java.util.stream.ReduceOps$ReduceOp.evaluateSequential(Unknown Source)
	at java.util.stream.AbstractPipeline.evaluate(Unknown Source)
	at java.util.stream.ReferencePipeline.collect(Unknown Source)
	at org.openqa.selenium.json.BeanToJsonConverter.lambda$new$18(BeanToJsonConverter.java:103)
	at org.openqa.selenium.json.BeanToJsonConverter.lambda$convertObject$26(BeanToJsonConverter.java:171)
	at java.util.Optional.map(Unknown Source)
	at org.openqa.selenium.json.BeanToJsonConverter.convertObject(BeanToJsonConverter.java:171)
	at org.openqa.selenium.json.BeanToJsonConverter.lambda$null$19(BeanToJsonConverter.java:109)
	at com.google.common.collect.SingletonImmutableBiMap.forEach(SingletonImmutableBiMap.java:65)
	at org.openqa.selenium.json.BeanToJsonConverter.lambda$new$20(BeanToJsonConverter.java:108)
	at org.openqa.selenium.json.BeanToJsonConverter.lambda$convertObject$26(BeanToJsonConverter.java:171)
	at java.util.Optional.map(Unknown Source)
	at org.openqa.selenium.json.BeanToJsonConverter.convertObject(BeanToJsonConverter.java:171)
	at org.openqa.selenium.json.BeanToJsonConverter.convert(BeanToJsonConverter.java:139)
	at org.openqa.selenium.json.Json.toJson(Json.java:48)
	at org.openqa.selenium.remote.http.AbstractHttpCommandCodec.encode(AbstractHttpCommandCodec.java:227)
	at org.openqa.selenium.remote.http.AbstractHttpCommandCodec.encode(AbstractHttpCommandCodec.java:117)
	at org.openqa.selenium.remote.HttpCommandExecutor.execute(HttpCommandExecutor.java:152)
	at org.openqa.selenium.remote.service.DriverCommandExecutor.execute(DriverCommandExecutor.java:83)
	at org.openqa.selenium.remote.RemoteWebDriver.execute(RemoteWebDriver.java:543)
	at org.openqa.selenium.remote.RemoteWebDriver.perform(RemoteWebDriver.java:609)
	at org.openqa.selenium.interactions.Actions$BuiltAction.perform(Actions.java:638)
	at pages.HomePage.selectNotebookMenu(HomePage.java:117)
	at tests.ProductHoverMenuTest.UserCanSelectSubCategoryFromMainMenu(ProductHoverMenuTest.java:17)
	at org.openqa.selenium.json.BeanToJsonConverter.convertUsingMethod(BeanToJsonConverter.java:191)
	... 59 more
Caused by: org.openqa.selenium.NoSuchWindowException: no such window: target window already closed
from unknown error: web view not found
  (Session info: chrome=80.0.3987.163)
Build info: version: &apos;3.12.0&apos;, revision: &apos;7c6e0b3&apos;, time: &apos;2018-05-08T14:04:26.12Z&apos;
System info: host: &apos;DESKTOP-NGGSEJ1&apos;, ip: &apos;192.168.56.1&apos;, os.name: &apos;Windows 10&apos;, os.arch: &apos;amd64&apos;, os.version: &apos;10.0&apos;, java.version: &apos;1.8.0_241&apos;
Driver info: org.openqa.selenium.chrome.ChromeDriver
Capabilities {acceptInsecureCerts: false, browserName: chrome, browserVersion: 80.0.3987.163, chrome: {chromedriverVersion: 80.0.3987.16 (320f6526c1632..., userDataDir: C:\Users\AHMEDN~1\AppData\L...}, goog:chromeOptions: {debuggerAddress: localhost:50598}, javascriptEnabled: true, networkConnectionEnabled: false, pageLoadStrategy: normal, platform: WINDOWS, platformName: WINDOWS, proxy: Proxy(), setWindowRect: true, strictFileInteractability: false, timeouts: {implicit: 0, pageLoad: 300000, script: 30000}, unhandledPromptBehavior: dismiss and notify}
Session ID: 7813958b90a64b098004ff4a350445ef
*** Element info: {Using=link text, value=Computers }
	at org.openqa.selenium.remote.http.W3CHttpResponseCodec.createException(W3CHttpResponseCodec.java:187)
	at org.openqa.selenium.remote.http.W3CHttpResponseCodec.decode(W3CHttpResponseCodec.java:122)
	at org.openqa.selenium.remote.http.W3CHttpResponseCodec.decode(W3CHttpResponseCodec.java:49)
	at org.openqa.selenium.remote.HttpCommandExecutor.execute(HttpCommandExecutor.java:158)
	at org.openqa.selenium.remote.service.DriverCommandExecutor.execute(DriverCommandExecutor.java:83)
	at org.openqa.selenium.remote.RemoteWebDriver.execute(RemoteWebDriver.java:543)
	at org.openqa.selenium.remote.RemoteWebDriver.findElement(RemoteWebDriver.java:317)
	at org.openqa.selenium.remote.RemoteWebDriver.findElementByLinkText(RemoteWebDriver.java:371)
	at org.openqa.selenium.By$ByLinkText.findElement(By.java:220)
	at org.openqa.selenium.remote.RemoteWebDriver.findElement(RemoteWebDriver.java:309)
	at org.openqa.selenium.support.pagefactory.DefaultElementLocator.findElement(DefaultElementLocator.java:69)
	at org.openqa.selenium.support.pagefactory.internal.LocatingElementHandler.invoke(LocatingElementHandler.java:38)
	at com.sun.proxy.$Proxy12.getWrappedElement(Unknown Source)
	at org.openqa.selenium.interactions.PointerInput$Origin.asArg(PointerInput.java:203)
	at org.openqa.selenium.interactions.PointerInput$Move.encode(PointerInput.java:154)
	at org.openqa.selenium.interactions.Sequence.encode(Sequence.java:75)
	at org.openqa.selenium.interactions.Sequence.toJson(Sequence.java:84)
	... 64 more
... Removed 34 stack frames
</div> <!-- stack-trace -->
                </div> <!-- method-content -->
              </div> <!-- method -->
            </div> <!-- main-panel-content rounded-window-bottom -->
          </div> <!-- suite-nopCommerce_Regression_Suit-class-failed -->
          <div class="suite-nopCommerce_Regression_Suit-class-failed">
            <div class="main-panel-header rounded-window-top">
              <img src="failed.png"/>
              <span class="class-name">tests.ContactUsTest</span>
            </div> <!-- main-panel-header rounded-window-top -->
            <div class="main-panel-content rounded-window-bottom">
              <div class="method">
                <div class="method-content">
                  <a name="userCanUseContactUs">
                  </a> <!-- userCanUseContactUs -->
                  <span class="method-name">userCanUseContactUs</span>
                  <div class="stack-trace">java.lang.NullPointerException
	at org.openqa.selenium.support.pagefactory.internal.LocatingElementHandler.invoke(LocatingElementHandler.java:51)
	at com.sun.proxy.$Proxy12.getText(Unknown Source)
	at tests.ContactUsTest.userCanUseContactUs(ContactUsTest.java:25)
... Removed 29 stack frames
</div> <!-- stack-trace -->
                </div> <!-- method-content -->
              </div> <!-- method -->
            </div> <!-- main-panel-content rounded-window-bottom -->
          </div> <!-- suite-nopCommerce_Regression_Suit-class-failed -->
        </div> <!-- panel nopCommerce_Regression_Suit -->
        <div panel-name="test-xml-nopCommerce_Regression_Suit" class="panel">
          <div class="main-panel-header rounded-window-top">
            <span class="header-content">C:\Users\Ahmed Nabil\eclipse-workspace\taf\testng.xml</span>
          </div> <!-- main-panel-header rounded-window-top -->
          <div class="main-panel-content rounded-window-bottom">
            <pre>
&lt;?xml version=&quot;1.0&quot; encoding=&quot;UTF-8&quot;?&gt;
&lt;!DOCTYPE suite SYSTEM &quot;http://testng.org/testng-1.0.dtd&quot;&gt;
&lt;suite guice-stage=&quot;DEVELOPMENT&quot; name=&quot;nopCommerce Regression Suit&quot;&gt;
  &lt;parameter name=&quot;browser&quot; value=&quot;chrome&quot;/&gt;
  &lt;test thread-count=&quot;5&quot; name=&quot;Regression Test&quot;&gt;
    &lt;classes&gt;
      &lt;class name=&quot;tests.UserRegistrationTest&quot;/&gt;
      &lt;class name=&quot;tests.AddProductReviewTest&quot;/&gt;
      &lt;class name=&quot;tests.AddProductToShoppingCartTest&quot;/&gt;
      &lt;class name=&quot;tests.AddProductToWhishlistTest&quot;/&gt;
      &lt;class name=&quot;tests.ChangeCurrencyTest&quot;/&gt;
      &lt;class name=&quot;tests.ContactUsTest&quot;/&gt;
      &lt;class name=&quot;tests.EmailFriendTest&quot;/&gt;
      &lt;class name=&quot;tests.MyAccountTest&quot;/&gt;
      &lt;class name=&quot;tests.ProductHoverMenuTest&quot;/&gt;
      &lt;class name=&quot;tests.SearchProductTest&quot;/&gt;
      &lt;class name=&quot;tests.searchProductUsingAutoSuggest&quot;/&gt;
    &lt;/classes&gt;
  &lt;/test&gt; &lt;!-- Regression Test --&gt;
&lt;/suite&gt; &lt;!-- nopCommerce Regression Suit --&gt;
            </pre>
          </div> <!-- main-panel-content rounded-window-bottom -->
        </div> <!-- panel -->
        <div panel-name="testlist-nopCommerce_Regression_Suit" class="panel">
          <div class="main-panel-header rounded-window-top">
            <span class="header-content">Tests for nopCommerce Regression Suit</span>
          </div> <!-- main-panel-header rounded-window-top -->
          <div class="main-panel-content rounded-window-bottom">
            <ul>
              <li>
                <span class="test-name">Regression Test (11 classes)</span>
              </li>
            </ul>
          </div> <!-- main-panel-content rounded-window-bottom -->
        </div> <!-- panel -->
        <div panel-name="group-nopCommerce_Regression_Suit" class="panel">
          <div class="main-panel-header rounded-window-top">
            <span class="header-content">Groups for nopCommerce Regression Suit</span>
          </div> <!-- main-panel-header rounded-window-top -->
          <div class="main-panel-content rounded-window-bottom">
          </div> <!-- main-panel-content rounded-window-bottom -->
        </div> <!-- panel -->
        <div panel-name="times-nopCommerce_Regression_Suit" class="panel">
          <div class="main-panel-header rounded-window-top">
            <span class="header-content">Times for nopCommerce Regression Suit</span>
          </div> <!-- main-panel-header rounded-window-top -->
          <div class="main-panel-content rounded-window-bottom">
            <div class="times-div">
              <script type="text/javascript">
suiteTableInitFunctions.push('tableData_nopCommerce_Regression_Suit');
function tableData_nopCommerce_Regression_Suit() {
var data = new google.visualization.DataTable();
data.addColumn('number', 'Number');
data.addColumn('string', 'Method');
data.addColumn('string', 'Class');
data.addColumn('number', 'Time (ms)');
data.addRows(3);
data.setCell(0, 0, 0)
data.setCell(0, 1, 'userCanUseContactUs')
data.setCell(0, 2, 'tests.ContactUsTest')
data.setCell(0, 3, 5932);
data.setCell(1, 0, 1)
data.setCell(1, 1, 'UserCanSelectSubCategoryFromMainMenu')
data.setCell(1, 2, 'tests.ProductHoverMenuTest')
data.setCell(1, 3, 14);
data.setCell(2, 0, 2)
data.setCell(2, 1, 'UserCanSearchForProducts')
data.setCell(2, 2, 'tests.SearchProductTest')
data.setCell(2, 3, 14);
window.suiteTableData['nopCommerce_Regression_Suit']= { tableData: data, tableDiv: 'times-div-nopCommerce_Regression_Suit'}
return data;
}
              </script>
              <span class="suite-total-time">Total running time: 5 seconds</span>
              <div id="times-div-nopCommerce_Regression_Suit">
              </div> <!-- times-div-nopCommerce_Regression_Suit -->
            </div> <!-- times-div -->
          </div> <!-- main-panel-content rounded-window-bottom -->
        </div> <!-- panel -->
        <div panel-name="reporter-nopCommerce_Regression_Suit" class="panel">
          <div class="main-panel-header rounded-window-top">
            <span class="header-content">Reporter output for nopCommerce Regression Suit</span>
          </div> <!-- main-panel-header rounded-window-top -->
          <div class="main-panel-content rounded-window-bottom">
          </div> <!-- main-panel-content rounded-window-bottom -->
        </div> <!-- panel -->
        <div panel-name="ignored-methods-nopCommerce_Regression_Suit" class="panel">
          <div class="main-panel-header rounded-window-top">
            <span class="header-content">20 ignored methods</span>
          </div> <!-- main-panel-header rounded-window-top -->
          <div class="main-panel-content rounded-window-bottom">
            <div class="ignored-class-div">
              <span class="ignored-class-name">tests.MyAccountTest</span>
              <div class="ignored-methods-div">
                <span class="ignored-method-name">startDriver</span>
                <br/>
                <span class="ignored-method-name">stopDriver</span>
                <br/>
              </div> <!-- ignored-methods-div -->
            </div> <!-- ignored-class-div -->
            <div class="ignored-class-div">
              <span class="ignored-class-name">tests.SearchProductTest</span>
              <div class="ignored-methods-div">
                <span class="ignored-method-name">startDriver</span>
                <br/>
                <span class="ignored-method-name">stopDriver</span>
                <br/>
              </div> <!-- ignored-methods-div -->
            </div> <!-- ignored-class-div -->
            <div class="ignored-class-div">
              <span class="ignored-class-name">tests.AddProductToShoppingCartTest</span>
              <div class="ignored-methods-div">
                <span class="ignored-method-name">startDriver</span>
                <br/>
                <span class="ignored-method-name">stopDriver</span>
                <br/>
              </div> <!-- ignored-methods-div -->
            </div> <!-- ignored-class-div -->
            <div class="ignored-class-div">
              <span class="ignored-class-name">tests.AddProductToWhishlistTest</span>
              <div class="ignored-methods-div">
                <span class="ignored-method-name">startDriver</span>
                <br/>
                <span class="ignored-method-name">stopDriver</span>
                <br/>
              </div> <!-- ignored-methods-div -->
            </div> <!-- ignored-class-div -->
            <div class="ignored-class-div">
              <span class="ignored-class-name">tests.searchProductUsingAutoSuggest</span>
              <div class="ignored-methods-div">
                <span class="ignored-method-name">startDriver</span>
                <br/>
                <span class="ignored-method-name">stopDriver</span>
                <br/>
              </div> <!-- ignored-methods-div -->
            </div> <!-- ignored-class-div -->
            <div class="ignored-class-div">
              <span class="ignored-class-name">tests.ProductHoverMenuTest</span>
              <div class="ignored-methods-div">
                <span class="ignored-method-name">startDriver</span>
                <br/>
                <span class="ignored-method-name">stopDriver</span>
                <br/>
              </div> <!-- ignored-methods-div -->
            </div> <!-- ignored-class-div -->
            <div class="ignored-class-div">
              <span class="ignored-class-name">tests.AddProductReviewTest</span>
              <div class="ignored-methods-div">
                <span class="ignored-method-name">startDriver</span>
                <br/>
                <span class="ignored-method-name">stopDriver</span>
                <br/>
              </div> <!-- ignored-methods-div -->
            </div> <!-- ignored-class-div -->
            <div class="ignored-class-div">
              <span class="ignored-class-name">tests.EmailFriendTest</span>
              <div class="ignored-methods-div">
                <span class="ignored-method-name">startDriver</span>
                <br/>
                <span class="ignored-method-name">stopDriver</span>
                <br/>
              </div> <!-- ignored-methods-div -->
            </div> <!-- ignored-class-div -->
            <div class="ignored-class-div">
              <span class="ignored-class-name">tests.ContactUsTest</span>
              <div class="ignored-methods-div">
                <span class="ignored-method-name">startDriver</span>
                <br/>
                <span class="ignored-method-name">stopDriver</span>
                <br/>
              </div> <!-- ignored-methods-div -->
            </div> <!-- ignored-class-div -->
            <div class="ignored-class-div">
              <span class="ignored-class-name">tests.ChangeCurrencyTest</span>
              <div class="ignored-methods-div">
                <span class="ignored-method-name">startDriver</span>
                <br/>
                <span class="ignored-method-name">stopDriver</span>
                <br/>
              </div> <!-- ignored-methods-div -->
            </div> <!-- ignored-class-div -->
          </div> <!-- main-panel-content rounded-window-bottom -->
        </div> <!-- panel -->
        <div panel-name="chronological-nopCommerce_Regression_Suit" class="panel">
          <div class="main-panel-header rounded-window-top">
            <span class="header-content">Methods in chronological order</span>
          </div> <!-- main-panel-header rounded-window-top -->
          <div class="main-panel-content rounded-window-bottom">
            <div class="chronological-class">
              <div class="chronological-class-name">tests.UserRegistrationTest</div> <!-- chronological-class-name -->
              <div class="configuration-suite before">
                <span class="method-name">startDriver(chrome)</span>
                <span class="method-start">0 ms</span>
              </div> <!-- configuration-suite before -->
            </div> <!-- chronological-class -->
            <div class="chronological-class">
              <div class="chronological-class-name">tests.ContactUsTest</div> <!-- chronological-class-name -->
              <div class="test-method">
                <img src="failed.png">
                </img>
                <span class="method-name">userCanUseContactUs</span>
                <span class="method-start">12087 ms</span>
              </div> <!-- test-method -->
              <div class="configuration-method after">
                <img src="failed.png">
                </img>
                <span class="method-name">screenshotOnFailure([TestResult name=userCanUseContactUs status=FAILURE method=ContactUsTest.userCanUseContactUs()[pri:0...)</span>
                <span class="method-start">18023 ms</span>
              </div> <!-- configuration-method after -->
            </div> <!-- chronological-class -->
            <div class="chronological-class">
              <div class="chronological-class-name">tests.ProductHoverMenuTest</div> <!-- chronological-class-name -->
              <div class="test-method">
                <img src="failed.png">
                </img>
                <span class="method-name">UserCanSelectSubCategoryFromMainMenu</span>
                <span class="method-start">18046 ms</span>
              </div> <!-- test-method -->
              <div class="configuration-method after">
                <img src="failed.png">
                </img>
                <span class="method-name">screenshotOnFailure([TestResult name=UserCanSelectSubCategoryFromMainMenu status=FAILURE method=ProductHoverMenuTest.Use...)</span>
                <span class="method-start">18063 ms</span>
              </div> <!-- configuration-method after -->
            </div> <!-- chronological-class -->
            <div class="chronological-class">
              <div class="chronological-class-name">tests.SearchProductTest</div> <!-- chronological-class-name -->
              <div class="test-method">
                <img src="failed.png">
                </img>
                <span class="method-name">UserCanSearchForProducts</span>
                <span class="method-start">18072 ms</span>
              </div> <!-- test-method -->
              <div class="configuration-method after">
                <img src="failed.png">
                </img>
                <span class="method-name">screenshotOnFailure([TestResult name=UserCanSearchForProducts status=FAILURE method=SearchProductTest.UserCanSearchForPr...)</span>
                <span class="method-start">18087 ms</span>
              </div> <!-- configuration-method after -->
            </div> <!-- chronological-class -->
            <div class="chronological-class">
              <div class="chronological-class-name">tests.UserRegistrationTest</div> <!-- chronological-class-name -->
              <div class="configuration-suite after">
                <span class="method-name">stopDriver</span>
                <span class="method-start">18145 ms</span>
              </div> <!-- configuration-suite after -->
          </div> <!-- main-panel-content rounded-window-bottom -->
        </div> <!-- panel -->
      </div> <!-- main-panel-root -->
    </div> <!-- wrapper -->
  </body>
</html>
